<?xml version="1.0" encoding="UTF-8"?>
<!-- Generated by org.testng.reporters.JUnitReportReporter -->
<testsuite hostname="RFUser15" failures="0" tests="5" name="org.testCases.AboutUs" time="29.741" errors="0" timestamp="2025-08-21T14:17:33 IST" skipped="0">
  <testcase classname="org.testCases.AboutUs" name="aboutUs" time="14.179"/>
  <system-out/>
  <testcase classname="org.testCases.AboutUs" name="mainHeading" time="0.164"/>
  <system-out/>
  <testcase classname="org.testCases.AboutUs" name="allLinksAccessibility" time="0.520"/>
  <system-out/>
  <testcase classname="org.testCases.AboutUs" name="ourLocation" time="5.888"/>
  <system-out/>
  <testcase classname="org.testCases.AboutUs" name="leaderShip" time="8.990"/>
  <system-out/>
</testsuite> <!-- org.testCases.AboutUs -->
