<?xml version="1.0" encoding="UTF-8"?>
<!-- Generated by org.testng.reporters.JUnitReportReporter -->
<testsuite hostname="RFUser15" failures="0" tests="1" name="org.testCases.LandingPage" time="3.275" errors="0" timestamp="2025-08-14T13:36:58 IST" skipped="0">
  <testcase classname="org.testCases.LandingPage" name="homePage" time="3.275"/>
  <system-out/>
</testsuite> <!-- org.testCases.LandingPage -->
