<?xml version="1.0" encoding="UTF-8"?>
<!-- Generated by org.testng.reporters.JUnitReportReporter -->
<testsuite hostname="RFUser15" failures="0" tests="1" name="org.testCases.HomePage" time="1.158" errors="0" timestamp="2025-08-07T16:01:29 IST" skipped="0">
  <testcase classname="org.testCases.HomePage" name="HomePageVerification" time="1.158"/>
</testsuite> <!-- org.testCases.HomePage -->
