<?xml version="1.0" encoding="UTF-8"?>
<!-- Generated by org.testng.reporters.JUnitReportReporter -->
<testsuite hostname="RFUser15" failures="0" tests="4" name="org.testCases.Contact" time="9.938" errors="0" timestamp="2025-08-21T10:47:45 IST" skipped="0">
  <testcase classname="org.testCases.Contact" name="contactPageLoad" time="2.774"/>
  <system-out/>
  <testcase classname="org.testCases.Contact" name="ContactHeading" time="0.093"/>
  <system-out/>
  <testcase classname="org.testCases.Contact" name="contactLinksAccessibility" time="0.629"/>
  <system-out/>
  <testcase classname="org.testCases.Contact" name="fillTheContactForm" time="6.442"/>
  <system-out/>
</testsuite> <!-- org.testCases.Contact -->
