<?xml version="1.0" encoding="UTF-8"?>
<!-- Generated by org.testng.reporters.JUnitReportReporter -->
<testsuite hostname="RFUser15" failures="0" tests="1" name="org.testCases.TestOne" time="32.889" errors="0" timestamp="2025-08-07T13:34:10 IST" skipped="0">
  <testcase classname="org.testCases.TestOne" name="start" time="32.889"/>
</testsuite> <!-- org.testCases.TestOne -->
