<?xml version="1.0" encoding="UTF-8"?>
<!-- Generated by org.testng.reporters.JUnitReportReporter -->
<testsuite hostname="RFUser15" failures="0" tests="1" name="com.login.LoginDetails" time="0.580" errors="0" timestamp="2025-08-08T10:25:47 IST" skipped="0">
  <testcase classname="com.login.LoginDetails" name="openUrl" time="0.580"/>
</testsuite> <!-- com.login.LoginDetails -->
