<?xml version="1.0" encoding="UTF-8"?>
<!-- Generated by org.testng.reporters.JUnitReportReporter -->
<testsuite hostname="RFUser15" failures="0" tests="7" name="org.testCases.HomePage" time="9.774" errors="0" timestamp="2025-08-21T10:47:45 IST" skipped="3">
  <testcase classname="org.testCases.HomePage" name="homePageLoad" time="0.097"/>
  <system-out/>
  <testcase classname="org.testCases.HomePage" name="mainHeading" time="0.220"/>
  <system-out/>
  <testcase classname="org.testCases.HomePage" name="allLinksAccessibility" time="1.905"/>
  <system-out/>
  <testcase classname="org.testCases.HomePage" name="navigateHomePage" time="7.552"/>
  <system-out/>
  <testcase classname="org.testCases.HomePage" name="compareHomePage">
    <skipped/>
  </testcase> <!-- compareHomePage -->
  <system-out/>
  <testcase classname="org.testCases.HomePage" name="verifyPageDOMStructure">
    <skipped/>
  </testcase> <!-- verifyPageDOMStructure -->
  <system-out/>
  <testcase classname="org.testCases.HomePage" name="verifyPageTextContent">
    <skipped/>
  </testcase> <!-- verifyPageTextContent -->
  <system-out/>
</testsuite> <!-- org.testCases.HomePage -->
