<?xml version="1.0" encoding="UTF-8"?>
<!-- Generated by org.testng.reporters.JUnitReportReporter -->
<testsuite hostname="RFUser15" failures="0" tests="4" name="org.testCases.ServicesPage" time="65.497" errors="0" timestamp="2025-08-21T10:47:45 IST" skipped="0">
  <testcase classname="org.testCases.ServicesPage" name="servicesPageLoad" time="4.351"/>
  <system-out/>
  <testcase classname="org.testCases.ServicesPage" name="servicesMainHeading" time="0.156"/>
  <system-out/>
  <testcase classname="org.testCases.ServicesPage" name="servicesAllLinksAccessibility" time="1.024"/>
  <system-out/>
  <testcase classname="org.testCases.ServicesPage" name="servicesPageNavigation" time="59.966"/>
  <system-out/>
</testsuite> <!-- org.testCases.ServicesPage -->
