<?xml version="1.0" encoding="UTF-8"?>
<!-- Generated by org.testng.reporters.JUnitReportReporter -->
<testsuite hostname="RFUser15" failures="0" tests="3" name="org.testCases.SocialMediaLink" time="16.809" errors="0" timestamp="2025-08-21T14:17:33 IST" skipped="0">
  <testcase classname="org.testCases.SocialMediaLink" name="linkin" time="5.152"/>
  <system-out/>
  <testcase classname="org.testCases.SocialMediaLink" name="x" time="6.347"/>
  <system-out/>
  <testcase classname="org.testCases.SocialMediaLink" name="fb" time="5.310"/>
  <system-out/>
</testsuite> <!-- org.testCases.SocialMediaLink -->
