<?xml version="1.0" encoding="UTF-8"?>
<!-- Generated by org.testng.reporters.JUnitReportReporter -->
<testsuite hostname="RFUser15" failures="0" tests="1" name="org.testCases.LandingPage" time="33.898" errors="0" timestamp="2025-08-08T10:53:29 IST" skipped="0">
  <testcase classname="org.testCases.LandingPage" name="execute" time="33.898"/>
</testsuite> <!-- org.testCases.LandingPage -->
