<?xml version="1.0" encoding="UTF-8"?>
<!-- Generated by org.testng.reporters.JUnitReportReporter -->
<testsuite hostname="RFUser15" failures="0" tests="5" name="org.testCases.ProductEngineering" time="25.104" errors="0" timestamp="2025-08-21T14:17:33 IST" skipped="0">
  <testcase classname="org.testCases.ProductEngineering" name="productEngineeringLoad" time="13.421"/>
  <system-out/>
  <testcase classname="org.testCases.ProductEngineering" name="mainHeading" time="0.102"/>
  <system-out/>
  <testcase classname="org.testCases.ProductEngineering" name="allLinksAccessibility" time="0.468"/>
  <system-out/>
  <testcase classname="org.testCases.ProductEngineering" name="health" time="4.045"/>
  <system-out/>
  <testcase classname="org.testCases.ProductEngineering" name="kumaranSystem" time="7.068"/>
  <system-out/>
</testsuite> <!-- org.testCases.ProductEngineering -->
