<?xml version="1.0" encoding="UTF-8"?>
<!-- Generated by org.testng.reporters.JUnitReportReporter -->
<testsuite hostname="RFUser15" failures="0" tests="5" name="org.testCases.StaffAugmentation" time="24.770" errors="0" timestamp="2025-08-21T14:17:33 IST" skipped="0">
  <testcase classname="org.testCases.StaffAugmentation" name="staffAugmentationload" time="13.348"/>
  <system-out/>
  <testcase classname="org.testCases.StaffAugmentation" name="mainHeading" time="0.073"/>
  <system-out/>
  <testcase classname="org.testCases.StaffAugmentation" name="allLinksAccessibility" time="0.306"/>
  <system-out/>
  <testcase classname="org.testCases.StaffAugmentation" name="qualityAssurance" time="4.012"/>
  <system-out/>
  <testcase classname="org.testCases.StaffAugmentation" name="generateAi" time="7.031"/>
  <system-out/>
</testsuite> <!-- org.testCases.StaffAugmentation -->
