<?xml version="1.0" encoding="UTF-8"?>
<!-- Generated by org.testng.reporters.JUnitReportReporter -->
<testsuite hostname="RFUser15" failures="0" tests="6" name="org.testCases.Whitepaper" time="19.606" errors="0" timestamp="2025-08-21T14:17:33 IST" skipped="0">
  <testcase classname="org.testCases.Whitepaper" name="casestudiesload" time="13.421"/>
  <system-out/>
  <testcase classname="org.testCases.Whitepaper" name="mainHeading" time="0.165"/>
  <system-out/>
  <testcase classname="org.testCases.Whitepaper" name="allLinksAccessibility" time="0.471"/>
  <system-out/>
  <testcase classname="org.testCases.Whitepaper" name="aiDriven" time="1.995"/>
  <system-out/>
  <testcase classname="org.testCases.Whitepaper" name="digitalTransformation" time="1.907"/>
  <system-out/>
  <testcase classname="org.testCases.Whitepaper" name="legacyModernisation" time="1.647"/>
  <system-out/>
</testsuite> <!-- org.testCases.Whitepaper -->
