<?xml version="1.0" encoding="UTF-8"?>
<!-- Generated by org.testng.reporters.JUnitReportReporter -->
<testsuite hostname="RFUser15" failures="0" tests="1" name="org.testCases.demo" time="0.832" errors="0" timestamp="2025-08-07T13:29:03 IST" skipped="0">
  <testcase classname="org.testCases.demo" name="test" time="0.832"/>
</testsuite> <!-- org.testCases.demo -->
