<?xml version="1.0" encoding="UTF-8"?>
<!-- Generated by org.testng.reporters.JUnitReportReporter -->
<testsuite hostname="RFUser15" failures="0" tests="3" name="org.testCases.Careers" time="3.051" errors="0" timestamp="2025-08-21T10:47:45 IST" skipped="0">
  <testcase classname="org.testCases.Careers" name="careersPageLoad" time="2.374"/>
  <system-out/>
  <testcase classname="org.testCases.Careers" name="careersHeading" time="0.101"/>
  <system-out/>
  <testcase classname="org.testCases.Careers" name="migrationModernizationLinksAccessibility" time="0.576"/>
  <system-out/>
</testsuite> <!-- org.testCases.Careers -->
