<?xml version="1.0" encoding="UTF-8"?>
<!-- Generated by org.testng.reporters.JUnitReportReporter -->
<testsuite hostname="RFUser15" failures="0" tests="3" name="org.testCases.MigrationAndModernization" time="6.049" errors="0" timestamp="2025-08-21T10:47:45 IST" skipped="0">
  <testcase classname="org.testCases.MigrationAndModernization" name="migrationAndModernizationPageLoad" time="5.416"/>
  <system-out/>
  <testcase classname="org.testCases.MigrationAndModernization" name="migrationAndModernizationHeading" time="0.044"/>
  <system-out/>
  <testcase classname="org.testCases.MigrationAndModernization" name="migrationModernizationLinksAccessibility" time="0.589"/>
  <system-out/>
</testsuite> <!-- org.testCases.MigrationAndModernization -->
